Mon Oct  9 09:06:43 2006 :: Booting Database
 0 0 0 0 0 0 0 0 0 0 0 0 0 0 0 0 0 0 0 0 0 0 0 0 0 0 0 0 0 0 0 0
Mon Oct  9 09:06:43 2006 :: [*****] BOOT: ---------------------[ Boot Log ]--------------------
Mon Oct  9 09:06:43 2006 :: Loading commands
Mon Oct  9 09:06:43 2006 :: Loading sysdata configuration...
Mon Oct  9 09:06:43 2006 :: Loading socials
Mon Oct  9 09:06:43 2006 :: Loading skill table
Mon Oct  9 09:06:43 2006 :: Sorting skill table...
Mon Oct  9 09:06:43 2006 :: Remapping slots to sns
Mon Oct  9 09:06:43 2006 :: Loading classes
Mon Oct  9 09:06:43 2006 :: Loading races
Mon Oct  9 09:06:43 2006 :: Loading extended news data
load_news(): cannot open file: No such file or directory
Mon Oct  9 09:06:43 2006 :: Loading stance data
Mon Oct  9 09:06:43 2006 :: [*****] BUG: Fread_stance: fopen
../system/stances.dat: No such file or directory
Mon Oct  9 09:06:43 2006 :: Loading herb table
Mon Oct  9 09:06:43 2006 :: Loading tongues
Mon Oct  9 09:06:43 2006 :: Making wizlist
Mon Oct  9 09:06:43 2006 :: Making retiredlist
Mon Oct  9 09:06:43 2006 :: Initializing request pipe
Mon Oct  9 09:06:43 2006 :: Initializing random number generator
Mon Oct  9 09:06:43 2006 :: Setting time and weather
Mon Oct  9 09:06:43 2006 :: Assigning gsn's
Mon Oct  9 09:06:43 2006 :: Reading in area files...
(help.are)
(imc-help.are)
(ice-help.are)
gods.are      : Rooms:  1200 - 1201  Objs:  1200 - 1200  Mobs:  1200 - 1200
limbo.are     : Rooms:     1 - 43    Objs:     2 - 99    Mobs:     1 - 99
newacad.are   : Rooms: 10300 - 10499 Objs: 10300 - 10499 Mobs: 10300 - 10499
newgate.are   : Rooms:   100 - 199   Objs:   100 - 199   Mobs:   100 - 199
newdark.are   : Rooms: 21000 - 21499 Objs: 21000 - 21435 Mobs: 21000 - 21499
haon.are      : Rooms:  6000 - 6156  Objs:  6000 - 6155  Mobs:  6000 - 6117
midennir.are  : Rooms:  3500 - 3590  Objs:  3500 - 3550  Mobs:  3500 - 3550
sewer.are     : Rooms:  7001 - 7445  Objs:  7190 - 7310  Mobs:  7000 - 7206
redferne.are  : Rooms:  7900 - 7918  Objs:  7909 - 7911  Mobs:  7900 - 7900
grove.are     : Rooms:  8901 - 8999  Objs:  8900 - 8919  Mobs:  8900 - 8911
dwarven.are   : Rooms:  6500 - 6554  Objs:  6502 - 6519  Mobs:  6500 - 6517
daycare.are   : Rooms:  6601 - 6651  Objs:  6600 - 6647  Mobs:  6600 - 6610
grave.are     : Rooms:  3600 - 3651  Objs:  3600 - 3613  Mobs:  3600 - 3605
chapel.are    : Rooms:  3405 - 3475  Objs:  3400 - 3430  Mobs:  3400 - 3416
astral.are    : Rooms:   800 - 899   Objs:   800 - 899   Mobs:   800 - 899
Build.are     : Rooms:  9500 - 9589  Objs:     0 - 0     Mobs:     0 - 0
pixie.are     : Rooms:  2070 - 2099  Objs:  2070 - 2076  Mobs:  2070 - 2073
export.are    : Rooms:  9810 - 9899  Objs:  9810 - 9899  Mobs:  9800 - 9899
srefuge.are   : Rooms:  1500 - 1599  Objs:  1500 - 1599  Mobs:  1500 - 1599
manor.are     : Rooms:  2400 - 2499  Objs:  2400 - 2499  Mobs:  2405 - 2484
unholy.are    : Rooms:  2101 - 2172  Objs:  2101 - 2150  Mobs:  2101 - 2120
gallery.are   : Rooms: 24800 - 24899 Objs: 24800 - 24899 Mobs: 24800 - 24899
Mon Oct  9 09:06:43 2006 :: Fixing exits
Mon Oct  9 09:06:43 2006 :: Initializing economy
Mon Oct  9 09:06:43 2006 :: Randomizing stance data
Mon Oct  9 09:06:43 2006 :: Resetting areas
Resetting: gods.are
Resetting: limbo.are
Resetting: newacad.are
Resetting: newgate.are
Resetting: newdark.are
Resetting: haon.are
Resetting: midennir.are
Resetting: sewer.are
Resetting: redferne.are
Resetting: grove.are
Resetting: dwarven.are
Resetting: daycare.are
Resetting: grave.are
Resetting: chapel.are
Resetting: astral.are
Resetting: Build.are
Resetting: pixie.are
Resetting: export.are
Resetting: srefuge.are
Resetting: manor.are
Resetting: unholy.are
Resetting: gallery.are
Mon Oct  9 09:06:43 2006 :: Loading buildlist
Mon Oct  9 09:06:43 2006 :: Loading boards
Mon Oct  9 09:06:43 2006 :: ../boards/immortal.brd
Mon Oct  9 09:06:43 2006 :: ../boards/highgod.brd
Mon Oct  9 09:06:43 2006 :: Loading vault list
Mon Oct  9 09:06:43 2006 :: [*****] BUG: fread_word: EOF encountered on read.

Mon Oct  9 09:06:43 2006 :: ÿ
Mon Oct  9 09:06:43 2006 :: Invalid vault number - vault.lst
Mon Oct  9 09:06:43 2006 ::  Done vaults 
Mon Oct  9 09:06:43 2006 :: Loading clans
Mon Oct  9 09:06:43 2006 :: Loading clans...
Mon Oct  9 09:06:43 2006 :: vampire.gui
Mon Oct  9 09:06:43 2006 :: Cannot open vault - ../clans/vampire.gui.vault
Mon Oct  9 09:06:43 2006 :: druid.gui
Mon Oct  9 09:06:43 2006 :: Cannot open vault - ../clans/druid.gui.vault
Mon Oct  9 09:06:43 2006 :: warrior.gui
Mon Oct  9 09:06:43 2006 :: Cannot open vault - ../clans/warrior.gui.vault
Mon Oct  9 09:06:43 2006 :: augurer.gui
Mon Oct  9 09:06:43 2006 :: Cannot open vault - ../clans/augurer.gui.vault
Mon Oct  9 09:06:43 2006 :: thief.gui
Mon Oct  9 09:06:43 2006 :: Cannot open vault - ../clans/thief.gui.vault
Mon Oct  9 09:06:43 2006 :: cleric.gui
Mon Oct  9 09:06:43 2006 :: Cannot open vault - ../clans/cleric.gui.vault
Mon Oct  9 09:06:43 2006 :: mage.gui
Mon Oct  9 09:06:43 2006 :: Cannot open vault - ../clans/mage.gui.vault
Mon Oct  9 09:06:43 2006 :: ranger.gui
Mon Oct  9 09:06:43 2006 :: Cannot open vault - ../clans/ranger.gui.vault
Mon Oct  9 09:06:43 2006 :: $
Mon Oct  9 09:06:43 2006 ::  Done clans 
Mon Oct  9 09:06:43 2006 :: Loading member lists
Mon Oct  9 09:06:43 2006 :: [*****] BUG: Cannot open members.dat for reading
Mon Oct  9 09:06:43 2006 :: Loading councils
Mon Oct  9 09:06:43 2006 :: Loading deities...
Mon Oct  9 09:06:43 2006 :: test.dty
Mon Oct  9 09:06:43 2006 :: $
Mon Oct  9 09:06:43 2006 ::  Done deities 
Mon Oct  9 09:06:43 2006 :: Loading deities
Mon Oct  9 09:06:43 2006 :: Loading councils...
Mon Oct  9 09:06:43 2006 :: $
Mon Oct  9 09:06:43 2006 ::  Done councils 
Mon Oct  9 09:06:43 2006 :: Loading watches
Mon Oct  9 09:06:43 2006 :: Loading bans
Mon Oct  9 09:06:43 2006 :: Done.
Mon Oct  9 09:06:43 2006 :: Loading reserved names
Mon Oct  9 09:06:43 2006 :: Loading noauction vnums
Mon Oct  9 09:06:43 2006 :: Loading corpses
Mon Oct  9 09:06:43 2006 :: Loading Immortal Hosts
Mon Oct  9 09:06:43 2006 :: Done.
Mon Oct  9 09:06:43 2006 :: Loading Hints
Mon Oct  9 09:06:43 2006 :: Loading Projects
Mon Oct  9 09:06:43 2006 :: Loading Morphs
Mon Oct  9 09:06:43 2006 :: Optimizing Morphs.
Mon Oct  9 09:06:43 2006 :: Done.
Mon Oct  9 09:06:43 2006 :: Loading Housing System, Home Accessories Data, and Home Auctioning System
Mon Oct  9 09:06:43 2006 :: [*****] BUG: fread_word: EOF encountered on read.

Mon Oct  9 09:06:43 2006 :: [*****] BUG: Cannot load house file: ~ÿ
Mon Oct  9 09:06:43 2006 :: [*****] BOOT: Cannot open homeaccessories.dat. Aborting loadup of accessories data.
Mon Oct  9 09:06:43 2006 :: [*****] BOOT: Cannot open homebuy.dat. Aborting loadup of home auction data.
Mon Oct  9 09:06:43 2006 :: Loading login messages
Mon Oct  9 09:06:43 2006 :: [*****] BOOT: Load_loginmsg: Cannot open login message file.
Mon Oct  9 09:06:43 2006 :: Loading Colors
Mon Oct  9 09:06:43 2006 :: Initializing socket
Mon Oct  9 09:06:43 2006 :: imc: imc2-1.03g smaug1.4a initializing
Mon Oct  9 09:06:43 2006 :: imc: Logging On
Mon Oct  9 09:06:43 2006 :: imc: hubswitch yes|no
Mon Oct  9 09:06:43 2006 :: imc: imc_readignores: couldn't open imc/rignores
Mon Oct  9 09:06:43 2006 :: imc: network initializing
Mon Oct  9 09:06:43 2006 :: imc: binding port 4005 for incoming connections
Mon Oct  9 09:06:43 2006 :: imc: imc_startup_port: bind: Address already in use
Mon Oct  9 09:06:43 2006 :: imc: Setting auto-optimize to run in 6 minutes.
Mon Oct  9 09:06:43 2006 :: imc: ICE client starting.
Mon Oct  9 09:06:43 2006 :: imc: Can't open imc/icec
Mon Oct  9 09:06:43 2006 :: Realms of Despair ready at address realms on port 4555.
Resetting: newacad.are
Mon Oct  9 09:08:55 2006 :: Sock.sinaddr:  127.0.0.1, port 57873.
Mon Oct  9 09:08:57 2006 :: Preloading player data for: Edmond (14K)
Mon Oct  9 09:09:00 2006 :: Closing link to Edmond. (INRoom 2)
Mon Oct  9 09:09:02 2006 :: Sock.sinaddr:  127.0.0.1, port 57894.
Mon Oct  9 09:09:04 2006 :: Preloading player data for: Edmond (14K)
Mon Oct  9 09:09:05 2006 :: Loading player data for: Edmond (14K)
Mon Oct  9 09:09:05 2006 :: [*****] FILE: ../player/e/Edmond LINE: 72
Mon Oct  9 09:09:05 2006 :: [*****] BUG: Fread_char: color muse invalid.
Mon Oct  9 09:09:05 2006 :: [*****] FILE: ../player/e/Edmond LINE: 73
Mon Oct  9 09:09:05 2006 :: [*****] BUG: Fread_char: color think invalid.
Mon Oct  9 09:09:05 2006 :: [*****] FILE: ../player/e/Edmond LINE: 406
Mon Oct  9 09:09:05 2006 :: [*****] BUG: Fread_obj: heart rhiamon rename incomplete object.
Mon Oct  9 09:09:05 2006 :: [*****] FILE: ../player/e/Edmond LINE: 419
Mon Oct  9 09:09:05 2006 :: [*****] BUG: Fread_obj: Gwvyrn's Wings Edmond incomplete object.
Mon Oct  9 09:09:05 2006 :: [*****] FILE: ../player/e/Edmond LINE: 430
Mon Oct  9 09:09:05 2006 :: [*****] BUG: Fread_obj: Edmond Leg rename incomplete object.
Mon Oct  9 09:09:05 2006 :: [*****] FILE: ../player/e/Edmond LINE: 442
Mon Oct  9 09:09:05 2006 :: [*****] BUG: Fread_obj: shirt edmond incomplete object.
Mon Oct  9 09:09:05 2006 :: [*****] FILE: ../player/e/Edmond LINE: 449
Mon Oct  9 09:09:05 2006 :: [*****] BUG: Fread_obj: incomplete object.
Mon Oct  9 09:09:05 2006 :: [*****] FILE: ../player/e/Edmond LINE: 456
Mon Oct  9 09:09:05 2006 :: [*****] BUG: Fread_obj: incomplete object.
Mon Oct  9 09:09:05 2006 :: [*****] FILE: ../player/e/Edmond LINE: 482
Mon Oct  9 09:09:05 2006 :: [*****] BUG: Fread_obj: mamaluke sword incomplete object.
Mon Oct  9 09:09:05 2006 :: [*****] FILE: ../player/e/Edmond LINE: 535
Mon Oct  9 09:09:05 2006 :: [*****] BUG: Fread_obj: incomplete object.
Mon Oct  9 09:09:05 2006 :: [*****] FILE: ../player/e/Edmond LINE: 540
Mon Oct  9 09:09:05 2006 :: [*****] BUG: Fread_obj: incomplete object.
Mon Oct  9 09:09:05 2006 :: Edmond@127.0.0.1((pipe breaking)) has connected. (INRoom 2)
Mon Oct  9 09:09:33 2006 :: Log Edmond: cset
Mon Oct  9 09:09:35 2006 :: Log Edmond: shutdown
Resetting: daycare.are
Mon Oct  9 09:10:09 2006 :: Log Edmond: cedit new
Mon Oct  9 09:10:11 2006 :: Log Edmond: cedit news
Resetting: newacad.are
Resetting: pixie.are
Mon Oct  9 09:12:17 2006 :: Log Edmond: reboot 4555 now
Mon Oct  9 09:12:27 2006 :: Log Edmond: cset port_name 4555
Mon Oct  9 09:12:33 2006 :: Log Edmond: cset port 4555
Resetting: newacad.are
Resetting: daycare.are
Mon Oct  9 09:12:38 2006 :: Log Edmond: reboot 4000 now
Mon Oct  9 09:12:38 2006 :: imc: shutting down network
Mon Oct  9 09:12:38 2006 :: imc: rx 0 packets, 0 bytes (0/second)
Mon Oct  9 09:12:38 2006 :: imc: tx 0 packets, 0 bytes (0/second)
Mon Oct  9 09:12:38 2006 :: imc: largest packet 0 bytes
Mon Oct  9 09:12:38 2006 :: imc: dropped 0 packets by sequence number
Mon Oct  9 09:12:38 2006 :: Normal termination of game.
